<?xml version="1.0" encoding="UTF-8"?>
<!-- Generated by org.testng.reporters.JUnitReportReporter -->
<testsuite hostname="Gokhul" failures="0" tests="1" name="jenkinsTest.jenkins.JenkinsTest" time="0.008" errors="0" timestamp="2024-03-28T18:00:32 IST" skipped="0">
  <testcase classname="jenkinsTest.jenkins.JenkinsTest" name="testAddition" time="0.008"/>
</testsuite> <!-- jenkinsTest.jenkins.JenkinsTest -->
